<?xml version="1.0" encoding="UTF-8"?>
<testng-results ignored="0" total="1" passed="1" failed="0" skipped="0">
  <reporter-output>
  </reporter-output>
  <suite started-at="2022-07-28T14:37:10 ICT" name="test_suite" finished-at="2022-07-28T14:37:12 ICT" duration-ms="1777">
    <groups>
    </groups>
    <test started-at="2022-07-28T14:37:10 ICT" name="Login Gru99" finished-at="2022-07-28T14:37:12 ICT" duration-ms="1777">
      <class name="TestCase_LoginFunction.TC_Login">
        <test-method is-config="true" signature="openBrowser(java.lang.String,java.lang.String)[pri:0, instance:TestCase_LoginFunction.TC_Login@2e3967ea]" started-at="2022-07-28T14:37:05 ICT" name="openBrowser" finished-at="2022-07-28T14:37:10 ICT" duration-ms="5144" status="PASS">
          <params>
            <param index="0">
              <value>
                <![CDATA[chrome]]>
              </value>
            </param>
            <param index="1">
              <value>
                <![CDATA[https://demo.guru99.com/V4/]]>
              </value>
            </param>
          </params>
          <reporter-output>
          </reporter-output>
        </test-method> <!-- openBrowser -->
        <test-method signature="login_Valid_User()[pri:0, instance:TestCase_LoginFunction.TC_Login@2e3967ea]" started-at="2022-07-28T14:37:10 ICT" name="login_Valid_User" finished-at="2022-07-28T14:37:12 ICT" duration-ms="1746" status="PASS">
          <reporter-output>
          </reporter-output>
        </test-method> <!-- login_Valid_User -->
        <test-method is-config="true" signature="embedScreenshot()[pri:0, instance:TestCase_LoginFunction.TC_Login@2e3967ea]" started-at="2022-07-28T14:37:12 ICT" name="embedScreenshot" finished-at="2022-07-28T14:37:12 ICT" duration-ms="130" status="PASS">
          <reporter-output>
          </reporter-output>
        </test-method> <!-- embedScreenshot -->
      </class> <!-- TestCase_LoginFunction.TC_Login -->
    </test> <!-- Login Gru99 -->
  </suite> <!-- test_suite -->
</testng-results>
